e:\dev\udemy\opengl\projects\openglcourseapp\debug\vc142.pdb
e:\dev\udemy\opengl\projects\openglcourseapp\debug\vc142.idb
e:\dev\udemy\opengl\projects\openglcourseapp\debug\texture.obj
e:\dev\udemy\opengl\projects\openglcourseapp\debug\spotlight.obj
e:\dev\udemy\opengl\projects\openglcourseapp\debug\skybox.obj
e:\dev\udemy\opengl\projects\openglcourseapp\debug\shadowmap.obj
e:\dev\udemy\opengl\projects\openglcourseapp\debug\shader.obj
e:\dev\udemy\opengl\projects\openglcourseapp\debug\pointlight.obj
e:\dev\udemy\opengl\projects\openglcourseapp\debug\omnishadowmap.obj
e:\dev\udemy\opengl\projects\openglcourseapp\debug\mesh.obj
e:\dev\udemy\opengl\projects\openglcourseapp\debug\main.obj
e:\dev\udemy\opengl\projects\openglcourseapp\debug\mywindow.obj
e:\dev\udemy\opengl\projects\openglcourseapp\debug\model.obj
e:\dev\udemy\opengl\projects\openglcourseapp\debug\matrixtransform.obj
e:\dev\udemy\opengl\projects\openglcourseapp\debug\material.obj
e:\dev\udemy\opengl\projects\openglcourseapp\debug\light.obj
e:\dev\udemy\opengl\projects\openglcourseapp\debug\directionallight.obj
e:\dev\udemy\opengl\projects\openglcourseapp\debug\camera.obj
e:\dev\udemy\opengl\projects\openglcourseapp\debug\openglcourseapp.pdb
e:\dev\udemy\opengl\projects\openglcourseapp\debug\openglcourseapp.tlog\cl.command.1.tlog
e:\dev\udemy\opengl\projects\openglcourseapp\debug\openglcourseapp.tlog\cl.read.1.tlog
e:\dev\udemy\opengl\projects\openglcourseapp\debug\openglcourseapp.tlog\cl.write.1.tlog
e:\dev\udemy\opengl\projects\openglcourseapp\debug\openglcourseapp.tlog\link-cvtres.read.1.tlog
e:\dev\udemy\opengl\projects\openglcourseapp\debug\openglcourseapp.tlog\link-cvtres.write.1.tlog
e:\dev\udemy\opengl\projects\openglcourseapp\debug\openglcourseapp.tlog\link-rc.read.1.tlog
e:\dev\udemy\opengl\projects\openglcourseapp\debug\openglcourseapp.tlog\link-rc.write.1.tlog
e:\dev\udemy\opengl\projects\openglcourseapp\debug\openglcourseapp.tlog\link.command.1.tlog
e:\dev\udemy\opengl\projects\openglcourseapp\debug\openglcourseapp.tlog\link.read.1.tlog
e:\dev\udemy\opengl\projects\openglcourseapp\debug\openglcourseapp.tlog\link.write.1.tlog
